{"/home/natali/frontend-project-lvl2/src/getDiffTree.js": {"path":"/home/natali/frontend-project-lvl2/src/getDiffTree.js","statementMap":{"0":{"start":{"line":3,"column":20},"end":{"line":25,"column":1}},"1":{"start":{"line":4,"column":15},"end":{"line":4,"column":52}},"2":{"start":{"line":5,"column":21},"end":{"line":5,"column":35}},"3":{"start":{"line":6,"column":2},"end":{"line":24,"column":5}},"4":{"start":{"line":7,"column":19},"end":{"line":7,"column":29}},"5":{"start":{"line":8,"column":19},"end":{"line":8,"column":29}},"6":{"start":{"line":9,"column":4},"end":{"line":11,"column":5}},"7":{"start":{"line":10,"column":6},"end":{"line":10,"column":49}},"8":{"start":{"line":12,"column":4},"end":{"line":14,"column":5}},"9":{"start":{"line":13,"column":6},"end":{"line":13,"column":51}},"10":{"start":{"line":15,"column":4},"end":{"line":17,"column":5}},"11":{"start":{"line":16,"column":6},"end":{"line":16,"column":76}},"12":{"start":{"line":18,"column":4},"end":{"line":22,"column":5}},"13":{"start":{"line":19,"column":6},"end":{"line":21,"column":8}},"14":{"start":{"line":23,"column":4},"end":{"line":23,"column":51}}},"fnMap":{"0":{"name":"(anonymous_0)","decl":{"start":{"line":3,"column":20},"end":{"line":3,"column":21}},"loc":{"start":{"line":3,"column":38},"end":{"line":25,"column":1}},"line":3},"1":{"name":"(anonymous_1)","decl":{"start":{"line":6,"column":24},"end":{"line":6,"column":25}},"loc":{"start":{"line":6,"column":33},"end":{"line":24,"column":3}},"line":6}},"branchMap":{"0":{"loc":{"start":{"line":9,"column":4},"end":{"line":11,"column":5}},"type":"if","locations":[{"start":{"line":9,"column":4},"end":{"line":11,"column":5}},{"start":{},"end":{}}],"line":9},"1":{"loc":{"start":{"line":12,"column":4},"end":{"line":14,"column":5}},"type":"if","locations":[{"start":{"line":12,"column":4},"end":{"line":14,"column":5}},{"start":{},"end":{}}],"line":12},"2":{"loc":{"start":{"line":15,"column":4},"end":{"line":17,"column":5}},"type":"if","locations":[{"start":{"line":15,"column":4},"end":{"line":17,"column":5}},{"start":{},"end":{}}],"line":15},"3":{"loc":{"start":{"line":15,"column":8},"end":{"line":15,"column":58}},"type":"binary-expr","locations":[{"start":{"line":15,"column":8},"end":{"line":15,"column":31}},{"start":{"line":15,"column":35},"end":{"line":15,"column":58}}],"line":15},"4":{"loc":{"start":{"line":18,"column":4},"end":{"line":22,"column":5}},"type":"if","locations":[{"start":{"line":18,"column":4},"end":{"line":22,"column":5}},{"start":{},"end":{}}],"line":18}},"s":{"0":1,"1":20,"2":20,"3":20,"4":72,"5":72,"6":72,"7":20,"8":52,"9":8,"10":44,"11":16,"12":28,"13":16,"14":12},"f":{"0":20,"1":72},"b":{"0":[20,52],"1":[8,44],"2":[16,28],"3":[44,20],"4":[16,12]},"_coverageSchema":"1a1c01bbd47fc00a2c39e90264f33305004495a9","hash":"1b6d6368f8e3ae94da35c213258865014f80c610"}
,"/home/natali/frontend-project-lvl2/src/index.js": {"path":"/home/natali/frontend-project-lvl2/src/index.js","statementMap":{"0":{"start":{"line":7,"column":17},"end":{"line":7,"column":91}},"1":{"start":{"line":7,"column":31},"end":{"line":7,"column":91}},"2":{"start":{"line":8,"column":19},"end":{"line":8,"column":64}},"3":{"start":{"line":8,"column":33},"end":{"line":8,"column":64}},"4":{"start":{"line":10,"column":16},"end":{"line":19,"column":1}},"5":{"start":{"line":11,"column":22},"end":{"line":11,"column":43}},"6":{"start":{"line":12,"column":22},"end":{"line":12,"column":43}},"7":{"start":{"line":13,"column":23},"end":{"line":13,"column":42}},"8":{"start":{"line":14,"column":23},"end":{"line":14,"column":42}},"9":{"start":{"line":15,"column":16},"end":{"line":15,"column":50}},"10":{"start":{"line":16,"column":16},"end":{"line":16,"column":50}},"11":{"start":{"line":17,"column":19},"end":{"line":17,"column":44}},"12":{"start":{"line":18,"column":2},"end":{"line":18,"column":37}}},"fnMap":{"0":{"name":"(anonymous_0)","decl":{"start":{"line":7,"column":17},"end":{"line":7,"column":18}},"loc":{"start":{"line":7,"column":31},"end":{"line":7,"column":91}},"line":7},"1":{"name":"(anonymous_1)","decl":{"start":{"line":8,"column":19},"end":{"line":8,"column":20}},"loc":{"start":{"line":8,"column":33},"end":{"line":8,"column":64}},"line":8},"2":{"name":"(anonymous_2)","decl":{"start":{"line":10,"column":16},"end":{"line":10,"column":17}},"loc":{"start":{"line":10,"column":50},"end":{"line":19,"column":1}},"line":10}},"branchMap":{},"s":{"0":1,"1":8,"2":1,"3":8,"4":1,"5":4,"6":4,"7":4,"8":4,"9":4,"10":4,"11":4,"12":4},"f":{"0":8,"1":8,"2":4},"b":{},"_coverageSchema":"1a1c01bbd47fc00a2c39e90264f33305004495a9","hash":"ec78305cf7e55a2d3886b16c5b6b320660b5d410"}
,"/home/natali/frontend-project-lvl2/src/parsers.js": {"path":"/home/natali/frontend-project-lvl2/src/parsers.js","statementMap":{"0":{"start":{"line":4,"column":2},"end":{"line":13,"column":3}},"1":{"start":{"line":6,"column":6},"end":{"line":6,"column":30}},"2":{"start":{"line":8,"column":6},"end":{"line":8,"column":29}},"3":{"start":{"line":10,"column":6},"end":{"line":10,"column":29}},"4":{"start":{"line":12,"column":6},"end":{"line":12,"column":56}}},"fnMap":{"0":{"name":"(anonymous_0)","decl":{"start":{"line":3,"column":15},"end":{"line":3,"column":16}},"loc":{"start":{"line":3,"column":33},"end":{"line":14,"column":1}},"line":3}},"branchMap":{"0":{"loc":{"start":{"line":4,"column":2},"end":{"line":13,"column":3}},"type":"switch","locations":[{"start":{"line":5,"column":4},"end":{"line":6,"column":30}},{"start":{"line":7,"column":4},"end":{"line":8,"column":29}},{"start":{"line":9,"column":4},"end":{"line":10,"column":29}},{"start":{"line":11,"column":4},"end":{"line":12,"column":56}}],"line":4}},"s":{"0":8,"1":6,"2":2,"3":0,"4":0},"f":{"0":8},"b":{"0":[6,2,0,0]},"_coverageSchema":"1a1c01bbd47fc00a2c39e90264f33305004495a9","hash":"612023c6f77938386b5dee34b211bda6a54ef51b"}
,"/home/natali/frontend-project-lvl2/src/formatters/index.js": {"path":"/home/natali/frontend-project-lvl2/src/formatters/index.js","statementMap":{"0":{"start":{"line":6,"column":2},"end":{"line":15,"column":3}},"1":{"start":{"line":8,"column":6},"end":{"line":8,"column":31}},"2":{"start":{"line":10,"column":6},"end":{"line":10,"column":29}},"3":{"start":{"line":12,"column":6},"end":{"line":12,"column":28}},"4":{"start":{"line":14,"column":6},"end":{"line":14,"column":54}}},"fnMap":{"0":{"name":"(anonymous_0)","decl":{"start":{"line":5,"column":15},"end":{"line":5,"column":16}},"loc":{"start":{"line":5,"column":37},"end":{"line":16,"column":1}},"line":5}},"branchMap":{"0":{"loc":{"start":{"line":6,"column":2},"end":{"line":15,"column":3}},"type":"switch","locations":[{"start":{"line":7,"column":4},"end":{"line":8,"column":31}},{"start":{"line":9,"column":4},"end":{"line":10,"column":29}},{"start":{"line":11,"column":4},"end":{"line":12,"column":28}},{"start":{"line":13,"column":4},"end":{"line":14,"column":54}}],"line":6}},"s":{"0":4,"1":2,"2":1,"3":1,"4":0},"f":{"0":4},"b":{"0":[2,1,1,0]},"_coverageSchema":"1a1c01bbd47fc00a2c39e90264f33305004495a9","hash":"e6462811709b7e3fbaa88b36fb7ff17ce5c85bf7"}
,"/home/natali/frontend-project-lvl2/src/formatters/json.js": {"path":"/home/natali/frontend-project-lvl2/src/formatters/json.js","statementMap":{"0":{"start":{"line":1,"column":13},"end":{"line":1,"column":51}},"1":{"start":{"line":1,"column":27},"end":{"line":1,"column":51}}},"fnMap":{"0":{"name":"(anonymous_0)","decl":{"start":{"line":1,"column":13},"end":{"line":1,"column":14}},"loc":{"start":{"line":1,"column":27},"end":{"line":1,"column":51}},"line":1}},"branchMap":{},"s":{"0":1,"1":1},"f":{"0":1},"b":{},"_coverageSchema":"1a1c01bbd47fc00a2c39e90264f33305004495a9","hash":"e61e5e7ae49dea919cb689bd311e14455d3adf88"}
,"/home/natali/frontend-project-lvl2/src/formatters/plain.js": {"path":"/home/natali/frontend-project-lvl2/src/formatters/plain.js","statementMap":{"0":{"start":{"line":1,"column":18},"end":{"line":10,"column":1}},"1":{"start":{"line":2,"column":2},"end":{"line":4,"column":3}},"2":{"start":{"line":3,"column":4},"end":{"line":3,"column":29}},"3":{"start":{"line":4,"column":4},"end":{"line":6,"column":3}},"4":{"start":{"line":5,"column":4},"end":{"line":5,"column":24}},"5":{"start":{"line":6,"column":4},"end":{"line":8,"column":3}},"6":{"start":{"line":7,"column":4},"end":{"line":7,"column":16}},"7":{"start":{"line":9,"column":2},"end":{"line":9,"column":23}},"8":{"start":{"line":12,"column":14},"end":{"line":31,"column":1}},"9":{"start":{"line":13,"column":22},"end":{"line":29,"column":17}},"10":{"start":{"line":13,"column":44},"end":{"line":29,"column":17}},"11":{"start":{"line":14,"column":22},"end":{"line":14,"column":47}},"12":{"start":{"line":16,"column":23},"end":{"line":16,"column":62}},"13":{"start":{"line":17,"column":6},"end":{"line":28,"column":7}},"14":{"start":{"line":19,"column":10},"end":{"line":19,"column":87}},"15":{"start":{"line":21,"column":10},"end":{"line":21,"column":54}},"16":{"start":{"line":23,"column":10},"end":{"line":23,"column":124}},"17":{"start":{"line":25,"column":10},"end":{"line":25,"column":59}},"18":{"start":{"line":27,"column":10},"end":{"line":27,"column":68}},"19":{"start":{"line":30,"column":2},"end":{"line":30,"column":31}}},"fnMap":{"0":{"name":"(anonymous_0)","decl":{"start":{"line":1,"column":18},"end":{"line":1,"column":19}},"loc":{"start":{"line":1,"column":29},"end":{"line":10,"column":1}},"line":1},"1":{"name":"(anonymous_1)","decl":{"start":{"line":12,"column":14},"end":{"line":12,"column":15}},"loc":{"start":{"line":12,"column":28},"end":{"line":31,"column":1}},"line":12},"2":{"name":"(anonymous_2)","decl":{"start":{"line":13,"column":22},"end":{"line":13,"column":23}},"loc":{"start":{"line":13,"column":44},"end":{"line":29,"column":17}},"line":13},"3":{"name":"(anonymous_3)","decl":{"start":{"line":14,"column":12},"end":{"line":14,"column":13}},"loc":{"start":{"line":14,"column":22},"end":{"line":14,"column":47}},"line":14},"4":{"name":"(anonymous_4)","decl":{"start":{"line":15,"column":9},"end":{"line":15,"column":10}},"loc":{"start":{"line":15,"column":19},"end":{"line":29,"column":5}},"line":15}},"branchMap":{"0":{"loc":{"start":{"line":2,"column":2},"end":{"line":4,"column":3}},"type":"if","locations":[{"start":{"line":2,"column":2},"end":{"line":4,"column":3}},{"start":{},"end":{}}],"line":2},"1":{"loc":{"start":{"line":2,"column":6},"end":{"line":2,"column":49}},"type":"binary-expr","locations":[{"start":{"line":2,"column":6},"end":{"line":2,"column":31}},{"start":{"line":2,"column":35},"end":{"line":2,"column":49}}],"line":2},"2":{"loc":{"start":{"line":4,"column":4},"end":{"line":6,"column":3}},"type":"if","locations":[{"start":{"line":4,"column":4},"end":{"line":6,"column":3}},{"start":{},"end":{}}],"line":4},"3":{"loc":{"start":{"line":6,"column":4},"end":{"line":8,"column":3}},"type":"if","locations":[{"start":{"line":6,"column":4},"end":{"line":8,"column":3}},{"start":{},"end":{}}],"line":6},"4":{"loc":{"start":{"line":13,"column":30},"end":{"line":13,"column":39}},"type":"default-arg","locations":[{"start":{"line":13,"column":37},"end":{"line":13,"column":39}}],"line":13},"5":{"loc":{"start":{"line":16,"column":23},"end":{"line":16,"column":62}},"type":"cond-expr","locations":[{"start":{"line":16,"column":30},"end":{"line":16,"column":51}},{"start":{"line":16,"column":54},"end":{"line":16,"column":62}}],"line":16},"6":{"loc":{"start":{"line":17,"column":6},"end":{"line":28,"column":7}},"type":"switch","locations":[{"start":{"line":18,"column":8},"end":{"line":19,"column":87}},{"start":{"line":20,"column":8},"end":{"line":21,"column":54}},{"start":{"line":22,"column":8},"end":{"line":23,"column":124}},{"start":{"line":24,"column":8},"end":{"line":25,"column":59}},{"start":{"line":26,"column":8},"end":{"line":27,"column":68}}],"line":17}},"s":{"0":1,"1":13,"2":3,"3":10,"4":7,"5":3,"6":1,"7":2,"8":1,"9":1,"10":5,"11":18,"12":15,"13":15,"14":5,"15":2,"16":4,"17":4,"18":0,"19":1},"f":{"0":13,"1":1,"2":5,"3":18,"4":15},"b":{"0":[3,10],"1":[13,4],"2":[7,3],"3":[1,2],"4":[1],"5":[11,4],"6":[5,2,4,4,0]},"_coverageSchema":"1a1c01bbd47fc00a2c39e90264f33305004495a9","hash":"c4a633fcfb626abdcbd75d92fddcf2a95af68052"}
,"/home/natali/frontend-project-lvl2/src/formatters/stylish.js": {"path":"/home/natali/frontend-project-lvl2/src/formatters/stylish.js","statementMap":{"0":{"start":{"line":1,"column":15},"end":{"line":1,"column":76}},"1":{"start":{"line":1,"column":42},"end":{"line":1,"column":76}},"2":{"start":{"line":2,"column":18},"end":{"line":13,"column":1}},"3":{"start":{"line":3,"column":2},"end":{"line":5,"column":3}},"4":{"start":{"line":4,"column":4},"end":{"line":4,"column":21}},"5":{"start":{"line":6,"column":2},"end":{"line":8,"column":3}},"6":{"start":{"line":7,"column":4},"end":{"line":7,"column":16}},"7":{"start":{"line":9,"column":16},"end":{"line":11,"column":98}},"8":{"start":{"line":11,"column":27},"end":{"line":11,"column":97}},"9":{"start":{"line":12,"column":2},"end":{"line":12,"column":63}},"10":{"start":{"line":14,"column":16},"end":{"line":33,"column":1}},"11":{"start":{"line":15,"column":22},"end":{"line":31,"column":4}},"12":{"start":{"line":15,"column":39},"end":{"line":31,"column":4}},"13":{"start":{"line":16,"column":21},"end":{"line":16,"column":105}},"14":{"start":{"line":16,"column":38},"end":{"line":16,"column":105}},"15":{"start":{"line":17,"column":4},"end":{"line":30,"column":5}},"16":{"start":{"line":19,"column":8},"end":{"line":19,"column":39}},"17":{"start":{"line":21,"column":8},"end":{"line":21,"column":39}},"18":{"start":{"line":23,"column":8},"end":{"line":23,"column":39}},"19":{"start":{"line":25,"column":8},"end":{"line":25,"column":85}},"20":{"start":{"line":27,"column":8},"end":{"line":27,"column":122}},"21":{"start":{"line":29,"column":8},"end":{"line":29,"column":66}},"22":{"start":{"line":32,"column":2},"end":{"line":32,"column":52}}},"fnMap":{"0":{"name":"(anonymous_0)","decl":{"start":{"line":1,"column":15},"end":{"line":1,"column":16}},"loc":{"start":{"line":1,"column":42},"end":{"line":1,"column":76}},"line":1},"1":{"name":"(anonymous_1)","decl":{"start":{"line":2,"column":18},"end":{"line":2,"column":19}},"loc":{"start":{"line":2,"column":39},"end":{"line":13,"column":1}},"line":2},"2":{"name":"(anonymous_2)","decl":{"start":{"line":11,"column":9},"end":{"line":11,"column":10}},"loc":{"start":{"line":11,"column":27},"end":{"line":11,"column":97}},"line":11},"3":{"name":"(anonymous_3)","decl":{"start":{"line":14,"column":16},"end":{"line":14,"column":17}},"loc":{"start":{"line":14,"column":30},"end":{"line":33,"column":1}},"line":14},"4":{"name":"(anonymous_4)","decl":{"start":{"line":15,"column":22},"end":{"line":15,"column":23}},"loc":{"start":{"line":15,"column":39},"end":{"line":31,"column":4}},"line":15},"5":{"name":"(anonymous_5)","decl":{"start":{"line":15,"column":48},"end":{"line":15,"column":49}},"loc":{"start":{"line":15,"column":58},"end":{"line":31,"column":3}},"line":15},"6":{"name":"(anonymous_6)","decl":{"start":{"line":16,"column":21},"end":{"line":16,"column":22}},"loc":{"start":{"line":16,"column":38},"end":{"line":16,"column":105}},"line":16}},"branchMap":{"0":{"loc":{"start":{"line":1,"column":23},"end":{"line":1,"column":37}},"type":"default-arg","locations":[{"start":{"line":1,"column":36},"end":{"line":1,"column":37}}],"line":1},"1":{"loc":{"start":{"line":3,"column":2},"end":{"line":5,"column":3}},"type":"if","locations":[{"start":{"line":3,"column":2},"end":{"line":5,"column":3}},{"start":{},"end":{}}],"line":3},"2":{"loc":{"start":{"line":6,"column":2},"end":{"line":8,"column":3}},"type":"if","locations":[{"start":{"line":6,"column":2},"end":{"line":8,"column":3}},{"start":{},"end":{}}],"line":6},"3":{"loc":{"start":{"line":17,"column":4},"end":{"line":30,"column":5}},"type":"switch","locations":[{"start":{"line":18,"column":6},"end":{"line":19,"column":39}},{"start":{"line":20,"column":6},"end":{"line":21,"column":39}},{"start":{"line":22,"column":6},"end":{"line":23,"column":39}},{"start":{"line":24,"column":6},"end":{"line":25,"column":85}},{"start":{"line":26,"column":6},"end":{"line":27,"column":122}},{"start":{"line":28,"column":6},"end":{"line":29,"column":66}}],"line":17}},"s":{"0":1,"1":84,"2":1,"3":54,"4":38,"5":16,"6":2,"7":14,"8":18,"9":14,"10":1,"11":2,"12":10,"13":36,"14":36,"15":36,"16":10,"17":4,"18":6,"19":8,"20":8,"21":0,"22":2},"f":{"0":84,"1":54,"2":18,"3":2,"4":10,"5":36,"6":36},"b":{"0":[84],"1":[38,16],"2":[2,14],"3":[10,4,6,8,8,0]},"_coverageSchema":"1a1c01bbd47fc00a2c39e90264f33305004495a9","hash":"40a99f850314d0852cc598b16c95b158065ad1d7"}
}
