TN:
SF:src/getDiffTree.js
FN:3,(anonymous_0)
FN:6,(anonymous_1)
FNF:2
FNH:2
FNDA:20,(anonymous_0)
FNDA:72,(anonymous_1)
DA:3,1
DA:4,20
DA:5,20
DA:6,20
DA:7,72
DA:8,72
DA:9,72
DA:10,20
DA:12,52
DA:13,8
DA:15,44
DA:16,16
DA:18,28
DA:19,16
DA:23,12
LF:15
LH:15
BRDA:9,0,0,20
BRDA:9,0,1,52
BRDA:12,1,0,8
BRDA:12,1,1,44
BRDA:15,2,0,16
BRDA:15,2,1,28
BRDA:15,3,0,44
BRDA:15,3,1,20
BRDA:18,4,0,16
BRDA:18,4,1,12
BRF:10
BRH:10
end_of_record
TN:
SF:src/index.js
FN:7,(anonymous_0)
FN:8,(anonymous_1)
FN:10,(anonymous_2)
FNF:3
FNH:3
FNDA:8,(anonymous_0)
FNDA:8,(anonymous_1)
FNDA:4,(anonymous_2)
DA:7,8
DA:8,8
DA:10,1
DA:11,4
DA:12,4
DA:13,4
DA:14,4
DA:15,4
DA:16,4
DA:17,4
DA:18,4
LF:11
LH:11
BRF:0
BRH:0
end_of_record
TN:
SF:src/parsers.js
FN:3,(anonymous_0)
FNF:1
FNH:1
FNDA:8,(anonymous_0)
DA:4,8
DA:6,6
DA:8,2
DA:10,0
DA:12,0
LF:5
LH:3
BRDA:4,0,0,6
BRDA:4,0,1,2
BRDA:4,0,2,0
BRDA:4,0,3,0
BRF:4
BRH:2
end_of_record
TN:
SF:src/formatters/index.js
FN:5,(anonymous_0)
FNF:1
FNH:1
FNDA:4,(anonymous_0)
DA:6,4
DA:8,2
DA:10,1
DA:12,1
DA:14,0
LF:5
LH:4
BRDA:6,0,0,2
BRDA:6,0,1,1
BRDA:6,0,2,1
BRDA:6,0,3,0
BRF:4
BRH:3
end_of_record
TN:
SF:src/formatters/json.js
FN:1,(anonymous_0)
FNF:1
FNH:1
FNDA:1,(anonymous_0)
DA:1,1
LF:1
LH:1
BRF:0
BRH:0
end_of_record
TN:
SF:src/formatters/plain.js
FN:1,(anonymous_0)
FN:12,(anonymous_1)
FN:13,(anonymous_2)
FN:14,(anonymous_3)
FN:15,(anonymous_4)
FNF:5
FNH:5
FNDA:13,(anonymous_0)
FNDA:1,(anonymous_1)
FNDA:5,(anonymous_2)
FNDA:18,(anonymous_3)
FNDA:15,(anonymous_4)
DA:1,1
DA:2,13
DA:3,3
DA:4,10
DA:5,7
DA:6,3
DA:7,1
DA:9,2
DA:12,1
DA:13,5
DA:14,18
DA:16,15
DA:17,15
DA:19,5
DA:21,2
DA:23,4
DA:25,4
DA:27,0
DA:30,1
LF:19
LH:18
BRDA:2,0,0,3
BRDA:2,0,1,10
BRDA:2,1,0,13
BRDA:2,1,1,4
BRDA:4,2,0,7
BRDA:4,2,1,3
BRDA:6,3,0,1
BRDA:6,3,1,2
BRDA:13,4,0,1
BRDA:16,5,0,11
BRDA:16,5,1,4
BRDA:17,6,0,5
BRDA:17,6,1,2
BRDA:17,6,2,4
BRDA:17,6,3,4
BRDA:17,6,4,0
BRF:16
BRH:15
end_of_record
TN:
SF:src/formatters/stylish.js
FN:1,(anonymous_0)
FN:2,(anonymous_1)
FN:11,(anonymous_2)
FN:14,(anonymous_3)
FN:15,(anonymous_4)
FN:15,(anonymous_5)
FN:16,(anonymous_6)
FNF:7
FNH:7
FNDA:84,(anonymous_0)
FNDA:54,(anonymous_1)
FNDA:18,(anonymous_2)
FNDA:2,(anonymous_3)
FNDA:10,(anonymous_4)
FNDA:36,(anonymous_5)
FNDA:36,(anonymous_6)
DA:1,84
DA:2,1
DA:3,54
DA:4,38
DA:6,16
DA:7,2
DA:9,14
DA:11,18
DA:12,14
DA:14,1
DA:15,10
DA:16,36
DA:17,36
DA:19,10
DA:21,4
DA:23,6
DA:25,8
DA:27,8
DA:29,0
DA:32,2
LF:20
LH:19
BRDA:1,0,0,84
BRDA:3,1,0,38
BRDA:3,1,1,16
BRDA:6,2,0,2
BRDA:6,2,1,14
BRDA:17,3,0,10
BRDA:17,3,1,4
BRDA:17,3,2,6
BRDA:17,3,3,8
BRDA:17,3,4,8
BRDA:17,3,5,0
BRF:11
BRH:10
end_of_record
